\BOOKMARK [1][-]{section.1}{\376\377\0001\000\040\000C\000o\000d\000e\000S\000m\000i\000l\000e\000\040\000A\000s\000s\000e\000t\000D\000a\000t\000a\000b\000a\000s\000e}{}% 1
\BOOKMARK [2][-]{subsubsection.1.0.1}{\376\377\0001\000.\0000\000.\0001\000\040\000B\000a\000m\000,\000\040\000n\000o\000w\000\040\000i\000t\000\040\000i\000s\000!\000\040\000:\000\051}{section.1}% 2
\BOOKMARK [2][-]{subsection.1.1}{\376\377\0001\000.\0001\000\040\000W\000h\000y\000\040\000d\000i\000d\000\040\000I\000\040\000c\000r\000e\000a\000t\000e\000\040\000t\000h\000i\000s\000?}{section.1}% 3
\BOOKMARK [2][-]{subsection.1.2}{\376\377\0001\000.\0002\000\040\000M\000a\000i\000n\000\040\000F\000e\000a\000t\000u\000r\000e\000s}{section.1}% 4
\BOOKMARK [2][-]{subsection.1.3}{\376\377\0001\000.\0003\000\040\000E\000x\000a\000m\000p\000l\000e\000\040\000C\000o\000d\000e\000\040\000S\000n\000i\000p\000p\000e\000t\000s}{section.1}% 5
\BOOKMARK [2][-]{subsection.1.4}{\376\377\0001\000.\0004\000\040\000D\000o\000c\000u\000m\000e\000n\000t\000a\000t\000i\000o\000n\000\040\000\046\000\040\000S\000u\000p\000p\000o\000r\000t}{section.1}% 6
\BOOKMARK [2][-]{subsection.1.5}{\376\377\0001\000.\0005\000\040\000I\000n\000s\000t\000a\000l\000l\000a\000t\000i\000o\000n}{section.1}% 7
\BOOKMARK [2][-]{subsection.1.6}{\376\377\0001\000.\0006\000\040\000R\000e\000q\000u\000i\000r\000e\000m\000e\000n\000t\000s}{section.1}% 8
\BOOKMARK [2][-]{subsection.1.7}{\376\377\0001\000.\0007\000\040\000L\000i\000c\000e\000n\000s\000e\000s}{section.1}% 9
\BOOKMARK [3][-]{subsubsection.1.7.1}{\376\377\0001\000.\0007\000.\0001\000\040\000F\000R\000E\000E\000\040\000=\000>\000\040\000G\000P\000L\000\040\000L\000i\000c\000e\000n\000s\000e}{subsection.1.7}% 10
\BOOKMARK [3][-]{subsubsection.1.7.2}{\376\377\0001\000.\0007\000.\0002\000\040\000P\000A\000I\000D\000\040\000=\000>\000\040\000U\000n\000i\000t\000y\000\040\000A\000s\000s\000e\000t\000\040\000S\000t\000o\000r\000e\000\040\000E\000U\000L\000A}{subsection.1.7}% 11
\BOOKMARK [2][-]{subsection.1.8}{\376\377\0001\000.\0008\000\040\000W\000h\000a\000t\000\040\000t\000o\000\040\000e\000x\000p\000e\000c\000t\000\040\000f\000r\000o\000m\000\040\000m\000e\000?}{section.1}% 12
\BOOKMARK [2][-]{subsection.1.9}{\376\377\0001\000.\0009\000\040\000S\000u\000p\000p\000o\000r\000t\000,\000\040\000F\000e\000e\000b\000a\000c\000k\000,\000\040\000I\000n\000q\000u\000i\000r\000i\000e\000s}{section.1}% 13
\BOOKMARK [1][-]{section.2}{\376\377\0002\000\040\000C\000h\000a\000n\000g\000e\000\040\000L\000o\000g}{}% 14
\BOOKMARK [1][-]{section.3}{\376\377\0003\000\040\000C\000o\000d\000e\000S\000m\000i\000l\000e\000\040\000P\000a\000c\000k\000a\000g\000e\000s\000\040\000-\000\040\000G\000e\000t\000t\000i\000n\000g\000\040\000S\000t\000a\000r\000t\000e\000d}{}% 15
\BOOKMARK [1][-]{section.4}{\376\377\0004\000\040\000H\000i\000e\000r\000a\000r\000c\000h\000i\000c\000a\000l\000\040\000I\000n\000d\000e\000x}{}% 16
\BOOKMARK [2][-]{subsection.4.1}{\376\377\0004\000.\0001\000\040\000C\000l\000a\000s\000s\000\040\000H\000i\000e\000r\000a\000r\000c\000h\000y}{section.4}% 17
\BOOKMARK [1][-]{section.5}{\376\377\0005\000\040\000C\000l\000a\000s\000s\000\040\000I\000n\000d\000e\000x}{}% 18
\BOOKMARK [2][-]{subsection.5.1}{\376\377\0005\000.\0001\000\040\000C\000l\000a\000s\000s\000\040\000L\000i\000s\000t}{section.5}% 19
\BOOKMARK [1][-]{section.6}{\376\377\0006\000\040\000N\000a\000m\000e\000s\000p\000a\000c\000e\000\040\000D\000o\000c\000u\000m\000e\000n\000t\000a\000t\000i\000o\000n}{}% 20
\BOOKMARK [2][-]{subsection.6.1}{\376\377\0006\000.\0001\000\040\000C\000o\000d\000e\000S\000m\000i\000l\000e\000E\000d\000i\000t\000o\000r\000\040\000N\000a\000m\000e\000s\000p\000a\000c\000e\000\040\000R\000e\000f\000e\000r\000e\000n\000c\000e}{section.6}% 21
\BOOKMARK [1][-]{section.7}{\376\377\0007\000\040\000C\000l\000a\000s\000s\000\040\000D\000o\000c\000u\000m\000e\000n\000t\000a\000t\000i\000o\000n}{}% 22
\BOOKMARK [2][-]{subsection.7.1}{\376\377\0007\000.\0001\000\040\000A\000s\000s\000e\000t\000\040\000C\000l\000a\000s\000s\000\040\000R\000e\000f\000e\000r\000e\000n\000c\000e}{section.7}% 23
\BOOKMARK [3][-]{subsubsection.7.1.1}{\376\377\0007\000.\0001\000.\0001\000\040\000D\000e\000t\000a\000i\000l\000e\000d\000\040\000D\000e\000s\000c\000r\000i\000p\000t\000i\000o\000n}{subsection.7.1}% 24
\BOOKMARK [3][-]{subsubsection.7.1.2}{\376\377\0007\000.\0001\000.\0002\000\040\000C\000o\000n\000s\000t\000r\000u\000c\000t\000o\000r\000\040\000\046\000\040\000D\000e\000s\000t\000r\000u\000c\000t\000o\000r\000\040\000D\000o\000c\000u\000m\000e\000n\000t\000a\000t\000i\000o\000n}{subsection.7.1}% 25
\BOOKMARK [3][-]{subsubsection.7.1.3}{\376\377\0007\000.\0001\000.\0003\000\040\000M\000e\000m\000b\000e\000r\000\040\000F\000u\000n\000c\000t\000i\000o\000n\000\040\000D\000o\000c\000u\000m\000e\000n\000t\000a\000t\000i\000o\000n}{subsection.7.1}% 26
\BOOKMARK [3][-]{subsubsection.7.1.4}{\376\377\0007\000.\0001\000.\0004\000\040\000P\000r\000o\000p\000e\000r\000t\000y\000\040\000D\000o\000c\000u\000m\000e\000n\000t\000a\000t\000i\000o\000n}{subsection.7.1}% 27
\BOOKMARK [2][-]{subsection.7.2}{\376\377\0007\000.\0002\000\040\000A\000s\000s\000e\000t\000.\000B\000u\000n\000d\000l\000e\000\040\000C\000l\000a\000s\000s\000\040\000R\000e\000f\000e\000r\000e\000n\000c\000e}{section.7}% 28
\BOOKMARK [3][-]{subsubsection.7.2.1}{\376\377\0007\000.\0002\000.\0001\000\040\000D\000e\000t\000a\000i\000l\000e\000d\000\040\000D\000e\000s\000c\000r\000i\000p\000t\000i\000o\000n}{subsection.7.2}% 29
\BOOKMARK [3][-]{subsubsection.7.2.2}{\376\377\0007\000.\0002\000.\0002\000\040\000M\000e\000m\000b\000e\000r\000\040\000F\000u\000n\000c\000t\000i\000o\000n\000\040\000D\000o\000c\000u\000m\000e\000n\000t\000a\000t\000i\000o\000n}{subsection.7.2}% 30
\BOOKMARK [3][-]{subsubsection.7.2.3}{\376\377\0007\000.\0002\000.\0003\000\040\000P\000r\000o\000p\000e\000r\000t\000y\000\040\000D\000o\000c\000u\000m\000e\000n\000t\000a\000t\000i\000o\000n}{subsection.7.2}% 31
\BOOKMARK [2][-]{subsection.7.3}{\376\377\0007\000.\0003\000\040\000A\000s\000s\000e\000t\000.\000D\000a\000t\000a\000b\000a\000s\000e\000\040\000C\000l\000a\000s\000s\000\040\000R\000e\000f\000e\000r\000e\000n\000c\000e}{section.7}% 32
\BOOKMARK [3][-]{subsubsection.7.3.1}{\376\377\0007\000.\0003\000.\0001\000\040\000D\000e\000t\000a\000i\000l\000e\000d\000\040\000D\000e\000s\000c\000r\000i\000p\000t\000i\000o\000n}{subsection.7.3}% 33
\BOOKMARK [3][-]{subsubsection.7.3.2}{\376\377\0007\000.\0003\000.\0002\000\040\000M\000e\000m\000b\000e\000r\000\040\000F\000u\000n\000c\000t\000i\000o\000n\000\040\000D\000o\000c\000u\000m\000e\000n\000t\000a\000t\000i\000o\000n}{subsection.7.3}% 34
\BOOKMARK [3][-]{subsubsection.7.3.3}{\376\377\0007\000.\0003\000.\0003\000\040\000P\000r\000o\000p\000e\000r\000t\000y\000\040\000D\000o\000c\000u\000m\000e\000n\000t\000a\000t\000i\000o\000n}{subsection.7.3}% 35
\BOOKMARK [2][-]{subsection.7.4}{\376\377\0007\000.\0004\000\040\000A\000s\000s\000e\000t\000.\000D\000a\000t\000a\000b\000a\000s\000e\000.\000C\000a\000c\000h\000e\000S\000e\000r\000v\000e\000r\000\040\000C\000l\000a\000s\000s\000\040\000R\000e\000f\000e\000r\000e\000n\000c\000e}{section.7}% 36
\BOOKMARK [3][-]{subsubsection.7.4.1}{\376\377\0007\000.\0004\000.\0001\000\040\000D\000e\000t\000a\000i\000l\000e\000d\000\040\000D\000e\000s\000c\000r\000i\000p\000t\000i\000o\000n}{subsection.7.4}% 37
\BOOKMARK [3][-]{subsubsection.7.4.2}{\376\377\0007\000.\0004\000.\0002\000\040\000M\000e\000m\000b\000e\000r\000\040\000F\000u\000n\000c\000t\000i\000o\000n\000\040\000D\000o\000c\000u\000m\000e\000n\000t\000a\000t\000i\000o\000n}{subsection.7.4}% 38
\BOOKMARK [3][-]{subsubsection.7.4.3}{\376\377\0007\000.\0004\000.\0003\000\040\000P\000r\000o\000p\000e\000r\000t\000y\000\040\000D\000o\000c\000u\000m\000e\000n\000t\000a\000t\000i\000o\000n}{subsection.7.4}% 39
\BOOKMARK [2][-]{subsection.7.5}{\376\377\0007\000.\0005\000\040\000A\000s\000s\000e\000t\000.\000D\000e\000p\000e\000n\000d\000e\000n\000c\000y\000\040\000C\000l\000a\000s\000s\000\040\000R\000e\000f\000e\000r\000e\000n\000c\000e}{section.7}% 40
\BOOKMARK [3][-]{subsubsection.7.5.1}{\376\377\0007\000.\0005\000.\0001\000\040\000D\000e\000t\000a\000i\000l\000e\000d\000\040\000D\000e\000s\000c\000r\000i\000p\000t\000i\000o\000n}{subsection.7.5}% 41
\BOOKMARK [3][-]{subsubsection.7.5.2}{\376\377\0007\000.\0005\000.\0002\000\040\000M\000e\000m\000b\000e\000r\000\040\000F\000u\000n\000c\000t\000i\000o\000n\000\040\000D\000o\000c\000u\000m\000e\000n\000t\000a\000t\000i\000o\000n}{subsection.7.5}% 42
\BOOKMARK [2][-]{subsection.7.6}{\376\377\0007\000.\0006\000\040\000A\000s\000s\000e\000t\000.\000F\000i\000l\000e\000\040\000C\000l\000a\000s\000s\000\040\000R\000e\000f\000e\000r\000e\000n\000c\000e}{section.7}% 43
\BOOKMARK [3][-]{subsubsection.7.6.1}{\376\377\0007\000.\0006\000.\0001\000\040\000D\000e\000t\000a\000i\000l\000e\000d\000\040\000D\000e\000s\000c\000r\000i\000p\000t\000i\000o\000n}{subsection.7.6}% 44
\BOOKMARK [3][-]{subsubsection.7.6.2}{\376\377\0007\000.\0006\000.\0002\000\040\000M\000e\000m\000b\000e\000r\000\040\000F\000u\000n\000c\000t\000i\000o\000n\000\040\000D\000o\000c\000u\000m\000e\000n\000t\000a\000t\000i\000o\000n}{subsection.7.6}% 45
\BOOKMARK [3][-]{subsubsection.7.6.3}{\376\377\0007\000.\0006\000.\0003\000\040\000P\000r\000o\000p\000e\000r\000t\000y\000\040\000D\000o\000c\000u\000m\000e\000n\000t\000a\000t\000i\000o\000n}{subsection.7.6}% 46
\BOOKMARK [2][-]{subsection.7.7}{\376\377\0007\000.\0007\000\040\000A\000s\000s\000e\000t\000.\000I\000m\000p\000o\000r\000t\000e\000r\000\040\000C\000l\000a\000s\000s\000\040\000R\000e\000f\000e\000r\000e\000n\000c\000e}{section.7}% 47
\BOOKMARK [3][-]{subsubsection.7.7.1}{\376\377\0007\000.\0007\000.\0001\000\040\000D\000e\000t\000a\000i\000l\000e\000d\000\040\000D\000e\000s\000c\000r\000i\000p\000t\000i\000o\000n}{subsection.7.7}% 48
\BOOKMARK [3][-]{subsubsection.7.7.2}{\376\377\0007\000.\0007\000.\0002\000\040\000M\000e\000m\000b\000e\000r\000\040\000F\000u\000n\000c\000t\000i\000o\000n\000\040\000D\000o\000c\000u\000m\000e\000n\000t\000a\000t\000i\000o\000n}{subsection.7.7}% 49
\BOOKMARK [2][-]{subsection.7.8}{\376\377\0007\000.\0008\000\040\000A\000s\000s\000e\000t\000.\000L\000a\000b\000e\000l\000\040\000C\000l\000a\000s\000s\000\040\000R\000e\000f\000e\000r\000e\000n\000c\000e}{section.7}% 50
\BOOKMARK [3][-]{subsubsection.7.8.1}{\376\377\0007\000.\0008\000.\0001\000\040\000D\000e\000t\000a\000i\000l\000e\000d\000\040\000D\000e\000s\000c\000r\000i\000p\000t\000i\000o\000n}{subsection.7.8}% 51
\BOOKMARK [3][-]{subsubsection.7.8.2}{\376\377\0007\000.\0008\000.\0002\000\040\000M\000e\000m\000b\000e\000r\000\040\000F\000u\000n\000c\000t\000i\000o\000n\000\040\000D\000o\000c\000u\000m\000e\000n\000t\000a\000t\000i\000o\000n}{subsection.7.8}% 52
\BOOKMARK [2][-]{subsection.7.9}{\376\377\0007\000.\0009\000\040\000A\000s\000s\000e\000t\000.\000P\000a\000c\000k\000a\000g\000e\000\040\000C\000l\000a\000s\000s\000\040\000R\000e\000f\000e\000r\000e\000n\000c\000e}{section.7}% 53
\BOOKMARK [3][-]{subsubsection.7.9.1}{\376\377\0007\000.\0009\000.\0001\000\040\000D\000e\000t\000a\000i\000l\000e\000d\000\040\000D\000e\000s\000c\000r\000i\000p\000t\000i\000o\000n}{subsection.7.9}% 54
\BOOKMARK [3][-]{subsubsection.7.9.2}{\376\377\0007\000.\0009\000.\0002\000\040\000M\000e\000m\000b\000e\000r\000\040\000F\000u\000n\000c\000t\000i\000o\000n\000\040\000D\000o\000c\000u\000m\000e\000n\000t\000a\000t\000i\000o\000n}{subsection.7.9}% 55
\BOOKMARK [2][-]{subsection.7.10}{\376\377\0007\000.\0001\0000\000\040\000A\000s\000s\000e\000t\000.\000P\000a\000t\000h\000\040\000C\000l\000a\000s\000s\000\040\000R\000e\000f\000e\000r\000e\000n\000c\000e}{section.7}% 56
\BOOKMARK [3][-]{subsubsection.7.10.1}{\376\377\0007\000.\0001\0000\000.\0001\000\040\000D\000e\000t\000a\000i\000l\000e\000d\000\040\000D\000e\000s\000c\000r\000i\000p\000t\000i\000o\000n}{subsection.7.10}% 57
\BOOKMARK [3][-]{subsubsection.7.10.2}{\376\377\0007\000.\0001\0000\000.\0002\000\040\000C\000o\000n\000s\000t\000r\000u\000c\000t\000o\000r\000\040\000\046\000\040\000D\000e\000s\000t\000r\000u\000c\000t\000o\000r\000\040\000D\000o\000c\000u\000m\000e\000n\000t\000a\000t\000i\000o\000n}{subsection.7.10}% 58
\BOOKMARK [3][-]{subsubsection.7.10.3}{\376\377\0007\000.\0001\0000\000.\0003\000\040\000M\000e\000m\000b\000e\000r\000\040\000F\000u\000n\000c\000t\000i\000o\000n\000\040\000D\000o\000c\000u\000m\000e\000n\000t\000a\000t\000i\000o\000n}{subsection.7.10}% 59
\BOOKMARK [3][-]{subsubsection.7.10.4}{\376\377\0007\000.\0001\0000\000.\0004\000\040\000P\000r\000o\000p\000e\000r\000t\000y\000\040\000D\000o\000c\000u\000m\000e\000n\000t\000a\000t\000i\000o\000n}{subsection.7.10}% 60
\BOOKMARK [2][-]{subsection.7.11}{\376\377\0007\000.\0001\0001\000\040\000A\000s\000s\000e\000t\000.\000S\000t\000a\000t\000u\000s\000\040\000C\000l\000a\000s\000s\000\040\000R\000e\000f\000e\000r\000e\000n\000c\000e}{section.7}% 61
\BOOKMARK [3][-]{subsubsection.7.11.1}{\376\377\0007\000.\0001\0001\000.\0001\000\040\000D\000e\000t\000a\000i\000l\000e\000d\000\040\000D\000e\000s\000c\000r\000i\000p\000t\000i\000o\000n}{subsection.7.11}% 62
\BOOKMARK [3][-]{subsubsection.7.11.2}{\376\377\0007\000.\0001\0001\000.\0002\000\040\000M\000e\000m\000b\000e\000r\000\040\000F\000u\000n\000c\000t\000i\000o\000n\000\040\000D\000o\000c\000u\000m\000e\000n\000t\000a\000t\000i\000o\000n}{subsection.7.11}% 63
\BOOKMARK [2][-]{subsection.7.12}{\376\377\0007\000.\0001\0002\000\040\000A\000s\000s\000e\000t\000.\000S\000u\000b\000A\000s\000s\000e\000t\000\040\000C\000l\000a\000s\000s\000\040\000R\000e\000f\000e\000r\000e\000n\000c\000e}{section.7}% 64
\BOOKMARK [3][-]{subsubsection.7.12.1}{\376\377\0007\000.\0001\0002\000.\0001\000\040\000D\000e\000t\000a\000i\000l\000e\000d\000\040\000D\000e\000s\000c\000r\000i\000p\000t\000i\000o\000n}{subsection.7.12}% 65
\BOOKMARK [3][-]{subsubsection.7.12.2}{\376\377\0007\000.\0001\0002\000.\0002\000\040\000M\000e\000m\000b\000e\000r\000\040\000F\000u\000n\000c\000t\000i\000o\000n\000\040\000D\000o\000c\000u\000m\000e\000n\000t\000a\000t\000i\000o\000n}{subsection.7.12}% 66
\BOOKMARK [2][-]{subsection.7.13}{\376\377\0007\000.\0001\0003\000\040\000A\000s\000s\000e\000t\000.\000V\000e\000r\000s\000i\000o\000n\000C\000o\000n\000t\000r\000o\000l\000\040\000C\000l\000a\000s\000s\000\040\000R\000e\000f\000e\000r\000e\000n\000c\000e}{section.7}% 67
\BOOKMARK [3][-]{subsubsection.7.13.1}{\376\377\0007\000.\0001\0003\000.\0001\000\040\000D\000e\000t\000a\000i\000l\000e\000d\000\040\000D\000e\000s\000c\000r\000i\000p\000t\000i\000o\000n}{subsection.7.13}% 68
\BOOKMARK [3][-]{subsubsection.7.13.2}{\376\377\0007\000.\0001\0003\000.\0002\000\040\000M\000e\000m\000b\000e\000r\000\040\000F\000u\000n\000c\000t\000i\000o\000n\000\040\000D\000o\000c\000u\000m\000e\000n\000t\000a\000t\000i\000o\000n}{subsection.7.13}% 69
\BOOKMARK [2][-]{subsection.7.14}{\376\377\0007\000.\0001\0004\000\040\000A\000s\000s\000e\000t\000L\000o\000a\000d\000E\000x\000c\000e\000p\000t\000i\000o\000n\000\040\000C\000l\000a\000s\000s\000\040\000R\000e\000f\000e\000r\000e\000n\000c\000e}{section.7}% 70
\BOOKMARK [3][-]{subsubsection.7.14.1}{\376\377\0007\000.\0001\0004\000.\0001\000\040\000D\000e\000t\000a\000i\000l\000e\000d\000\040\000D\000e\000s\000c\000r\000i\000p\000t\000i\000o\000n}{subsection.7.14}% 71
\BOOKMARK [3][-]{subsubsection.7.14.2}{\376\377\0007\000.\0001\0004\000.\0002\000\040\000C\000o\000n\000s\000t\000r\000u\000c\000t\000o\000r\000\040\000\046\000\040\000D\000e\000s\000t\000r\000u\000c\000t\000o\000r\000\040\000D\000o\000c\000u\000m\000e\000n\000t\000a\000t\000i\000o\000n}{subsection.7.14}% 72
\BOOKMARK [1][-]{section*.355}{\376\377\000I\000n\000d\000e\000x}{}% 73
